  program.c
c:\dev\git\adventure\src\cdraw.h(29): warning C4033: 'draw_image' must return a value
c:\dev\git\adventure\src\cdraw.h(30): warning C4033: 'draw_image' must return a value
c:\dev\git\adventure\src\cdraw.h(26): warning C4244: 'initializing': conversion from 'float' to 'int', possible loss of data
c:\dev\git\adventure\src\cdraw.h(27): warning C4244: 'initializing': conversion from 'float' to 'int', possible loss of data
c:\dev\git\adventure\src\cdraw.h(37): warning C4244: 'initializing': conversion from 'double' to 'int', possible loss of data
c:\dev\git\adventure\src\cdraw.h(56): warning C4098: 'dev_generate_palette_file': 'void' function returning a value
c:\dev\git\adventure\src\cdraw.h(84): warning C4098: 'generate_indexed_tileset': 'void' function returning a value
c:\dev\git\adventure\src\cdraw.h(176): warning C4133: '<': incompatible types - from 'void *' to 'int *'
c:\dev\git\adventure\src\cdraw.h(346): warning C4244: 'function': conversion from 'double' to 'int', possible loss of data
c:\dev\git\adventure\src\cdraw.h(346): warning C4020: 'draw_pixel8': too many actual parameters
c:\dev\git\adventure\src\cdraw.h(347): warning C4244: 'function': conversion from 'double' to 'int', possible loss of data
c:\dev\git\adventure\src\cdraw.h(347): warning C4020: 'draw_pixel8': too many actual parameters
c:\dev\git\adventure\src\cdraw.h(351): warning C4244: 'function': conversion from 'double' to 'int', possible loss of data
c:\dev\git\adventure\src\cdraw.h(351): warning C4020: 'draw_pixel8': too many actual parameters
c:\dev\git\adventure\src\cdraw.h(352): warning C4244: 'function': conversion from 'double' to 'int', possible loss of data
c:\dev\git\adventure\src\cdraw.h(352): warning C4020: 'draw_pixel8': too many actual parameters
c:\dev\git\adventure\src\cdraw.h(365): warning C4244: 'function': conversion from 'double' to 'int', possible loss of data
c:\dev\git\adventure\src\cdraw.h(365): warning C4020: 'draw_pixel8': too many actual parameters
c:\dev\git\adventure\src\cdraw.h(366): warning C4244: 'function': conversion from 'double' to 'int', possible loss of data
c:\dev\git\adventure\src\cdraw.h(366): warning C4020: 'draw_pixel8': too many actual parameters
c:\dev\git\adventure\src\cdraw.h(370): warning C4244: 'function': conversion from 'double' to 'int', possible loss of data
c:\dev\git\adventure\src\cdraw.h(370): warning C4020: 'draw_pixel8': too many actual parameters
c:\dev\git\adventure\src\cdraw.h(371): warning C4244: 'function': conversion from 'double' to 'int', possible loss of data
c:\dev\git\adventure\src\cdraw.h(371): warning C4020: 'draw_pixel8': too many actual parameters
c:\dev\git\adventure\src\cdraw.h(379): warning C4020: 'draw_pixel8': too many actual parameters
c:\dev\git\adventure\src\cdraw.h(380): warning C4020: 'draw_pixel8': too many actual parameters
c:\dev\git\adventure\src\cdraw.h(388): warning C4020: 'draw_pixel8': too many actual parameters
c:\dev\git\adventure\src\cdraw.h(389): warning C4020: 'draw_pixel8': too many actual parameters
c:\dev\git\adventure\src\cfontsimple.h(72): warning C4133: '<': incompatible types - from 'void *' to 'unsigned char *'
c:\dev\git\adventure\src\cfontsimple.h(122): warning C4133: '<': incompatible types - from 'void *' to 'unsigned char *'
c:\dev\git\adventure\src\cfontsimple.h(146): warning C4244: '+=': conversion from 'double' to 'int', possible loss of data
program.c(97): warning C4244: 'function': conversion from 'time_t' to 'unsigned int', possible loss of data
program.c(160): warning C4244: '+=': conversion from 'float' to 'int', possible loss of data
program.c(161): warning C4244: '+=': conversion from 'float' to 'int', possible loss of data
  Generating code
  6 of 87 functions ( 6.9%) were compiled, the rest were copied from previous compilation.
    4 functions were new in current compilation
    2 functions had inline decision re-evaluated but remain unchanged
  Finished generating code
  adventure_V14.vcxproj -> C:\dev\git\adventure\src\Release\adventure_V14.exe
  adventure_V14.vcxproj -> C:\dev\git\adventure\src\Release\adventure_V14.pdb (Full PDB)
